[debug] [2021-02-25T20:38:46.664Z] ----------------------------------------------------------------------
[debug] [2021-02-25T20:38:46.666Z] Command:       C:\Program Files\nodejs\node.exe C:\Users\saima\AppData\Roaming\npm\node_modules\firebase-tools\lib\bin\firebase.js login
[debug] [2021-02-25T20:38:46.666Z] CLI Version:   9.5.0
[debug] [2021-02-25T20:38:46.666Z] Platform:      win32
[debug] [2021-02-25T20:38:46.666Z] Node Version:  v12.17.0
[debug] [2021-02-25T20:38:46.668Z] Time:          Fri Feb 26 2021 02:08:46 GMT+0530 (India Standard Time)
[debug] [2021-02-25T20:38:46.668Z] ----------------------------------------------------------------------
[debug] [2021-02-25T20:38:46.668Z] 
[info] i  Firebase optionally collects CLI usage and error reporting information to help improve our products. Data is collected in accordance with Google's privacy policy (https://policies.google.com/privacy) and is not used to identify you.
 
[info] i  To change your data collection preference at any time, run `firebase logout` and log in again. 
[info] 
[info] Visit this URL on this device to log in:
[info] https://accounts.google.com/o/oauth2/auth?client_id=563584335869-fgrhgmd47bqnekij5i8b5pr03ho849e6.apps.googleusercontent.com&scope=email%20openid%20https%3A%2F%2Fwww.googleapis.com%2Fauth%2Fcloudplatformprojects.readonly%20https%3A%2F%2Fwww.googleapis.com%2Fauth%2Ffirebase%20https%3A%2F%2Fwww.googleapis.com%2Fauth%2Fcloud-platform&response_type=code&state=387649620&redirect_uri=http%3A%2F%2Flocalhost%3A9005
[info] 
[info] Waiting for authentication...
[debug] [2021-02-25T20:38:48.638Z] Error: spawn cmd ENOENT
    at Process.ChildProcess._handle.onexit (internal/child_process.js:267:19)
    at onErrorNT (internal/child_process.js:469:16)
    at processTicksAndRejections (internal/process/task_queues.js:84:21)
[error] 
[error] Error: An unexpected error has occurred.
[debug] [2021-02-25T20:39:46.578Z] ----------------------------------------------------------------------
[debug] [2021-02-25T20:39:46.580Z] Command:       C:\Program Files\nodejs\node.exe C:\Users\saima\AppData\Roaming\npm\node_modules\firebase-tools\lib\bin\firebase.js login
[debug] [2021-02-25T20:39:46.580Z] CLI Version:   9.5.0
[debug] [2021-02-25T20:39:46.580Z] Platform:      win32
[debug] [2021-02-25T20:39:46.581Z] Node Version:  v12.17.0
[debug] [2021-02-25T20:39:46.582Z] Time:          Fri Feb 26 2021 02:09:46 GMT+0530 (India Standard Time)
[debug] [2021-02-25T20:39:46.582Z] ----------------------------------------------------------------------
[debug] [2021-02-25T20:39:46.582Z] 
[info] i  Firebase optionally collects CLI usage and error reporting information to help improve our products. Data is collected in accordance with Google's privacy policy (https://policies.google.com/privacy) and is not used to identify you.
 
[info] i  To change your data collection preference at any time, run `firebase logout` and log in again. 
[info] 
[info] Visit this URL on this device to log in:
[info] https://accounts.google.com/o/oauth2/auth?client_id=563584335869-fgrhgmd47bqnekij5i8b5pr03ho849e6.apps.googleusercontent.com&scope=email%20openid%20https%3A%2F%2Fwww.googleapis.com%2Fauth%2Fcloudplatformprojects.readonly%20https%3A%2F%2Fwww.googleapis.com%2Fauth%2Ffirebase%20https%3A%2F%2Fwww.googleapis.com%2Fauth%2Fcloud-platform&response_type=code&state=292084590&redirect_uri=http%3A%2F%2Flocalhost%3A9005
[info] 
[info] Waiting for authentication...
[debug] [2021-02-25T20:39:48.804Z] Error: spawn cmd ENOENT
    at Process.ChildProcess._handle.onexit (internal/child_process.js:267:19)
    at onErrorNT (internal/child_process.js:469:16)
    at processTicksAndRejections (internal/process/task_queues.js:84:21)
[error] 
[error] Error: An unexpected error has occurred.
